# JRE version: OpenJDK Runtime Environment Temurin-17.0.4.1+1 (17.0.4.1+1) (build 17.0.4.1+1)
# Java VM: OpenJDK 64-Bit Server VM Temurin-17.0.4.1+1 (17.0.4.1+1, mixed mode, emulated-client, tiered, compressed oops, compressed class ptrs, g1 gc, windows-amd64)
GC Precious Log:
 CPUs: 8 total, 8 available
 Memory: 16299M
 Large Page Support: Disabled
 NUMA Support: Disabled
 Compressed Oops: Enabled (Zero based)
 Heap Region Size: 2M
 Heap Min Capacity: 8M
 Heap Initial Capacity: 256M
 Heap Max Capacity: 4076M
 Pre-touch: Disabled
 Parallel Workers: 8
 Concurrent Workers: 2
 Concurrent Refinement Workers: 8
 Periodic GC: Disabled
Heap:
 garbage-first heap   total 110592K, used 31949K [0x0000000701400000, 0x0000000800000000)
  region size 2048K, 1 young (2048K), 0 survivors (0K)
 Metaspace       used 46300K, committed 46720K, reserved 1089536K
  class space    used 6301K, committed 6464K, reserved 1048576K
GC Heap History (20 events):
Event: 18910.477 GC heap before
{Heap before GC invocations=1868 (full 1838):
 garbage-first heap   total 110592K, used 31949K [0x0000000701400000, 0x0000000800000000)
  region size 2048K, 1 young (2048K), 0 survivors (0K)
 Metaspace       used 46300K, committed 46720K, reserved 1089536K
  class space    used 6301K, committed 6464K, reserved 1048576K
}
Event: 18910.512 GC heap after
{Heap after GC invocations=1869 (full 1839):
 garbage-first heap   total 110592K, used 31949K [0x0000000701400000, 0x0000000800000000)
  region size 2048K, 0 young (0K), 0 survivors (0K)
 Metaspace       used 46300K, committed 46720K, reserved 1089536K
  class space    used 6301K, committed 6464K, reserved 1048576K
}
Event: 18920.743 GC heap before
{Heap before GC invocations=1869 (full 1839):
 garbage-first heap   total 110592K, used 31949K [0x0000000701400000, 0x0000000800000000)
  region size 2048K, 1 young (2048K), 0 survivors (0K)
 Metaspace       used 46300K, committed 46720K, reserved 1089536K
  class space    used 6301K, committed 6464K, reserved 1048576K
}
Event: 18920.781 GC heap after
{Heap after GC invocations=1870 (full 1840):
 garbage-first heap   total 110592K, used 31949K [0x0000000701400000, 0x0000000800000000)
  region size 2048K, 0 young (0K), 0 survivors (0K)
 Metaspace       used 46300K, committed 46720K, reserved 1089536K
  class space    used 6301K, committed 6464K, reserved 1048576K
}
Event: 18930.977 GC heap before
{Heap before GC invocations=1870 (full 1840):
 garbage-first heap   total 110592K, used 31949K [0x0000000701400000, 0x0000000800000000)
  region size 2048K, 1 young (2048K), 0 survivors (0K)
 Metaspace       used 46300K, committed 46720K, reserved 1089536K
  class space    used 6301K, committed 6464K, reserved 1048576K
}
Event: 18931.009 GC heap after
{Heap after GC invocations=1871 (full 1841):
 garbage-first heap   total 110592K, used 31949K [0x0000000701400000, 0x0000000800000000)
  region size 2048K, 0 young (0K), 0 survivors (0K)
 Metaspace       used 46300K, committed 46720K, reserved 1089536K
  class space    used 6301K, committed 6464K, reserved 1048576K
}
Event: 18941.237 GC heap before
{Heap before GC invocations=1871 (full 1841):
 garbage-first heap   total 110592K, used 31949K [0x0000000701400000, 0x0000000800000000)
  region size 2048K, 1 young (2048K), 0 survivors (0K)
 Metaspace       used 46300K, committed 46720K, reserved 1089536K
  class space    used 6301K, committed 6464K, reserved 1048576K
}
Event: 18941.278 GC heap after
{Heap after GC invocations=1872 (full 1842):
 garbage-first heap   total 110592K, used 31949K [0x0000000701400000, 0x0000000800000000)
  region size 2048K, 0 young (0K), 0 survivors (0K)
 Metaspace       used 46300K, committed 46720K, reserved 1089536K
  class space    used 6301K, committed 6464K, reserved 1048576K
}
Event: 18951.483 GC heap before
{Heap before GC invocations=1872 (full 1842):
 garbage-first heap   total 110592K, used 31949K [0x0000000701400000, 0x0000000800000000)
  region size 2048K, 1 young (2048K), 0 survivors (0K)
 Metaspace       used 46300K, committed 46720K, reserved 1089536K
  class space    used 6301K, committed 6464K, reserved 1048576K
}
Event: 18951.536 GC heap after
{Heap after GC invocations=1873 (full 1843):
 garbage-first heap   total 110592K, used 31949K [0x0000000701400000, 0x0000000800000000)
  region size 2048K, 0 young (0K), 0 survivors (0K)
 Metaspace       used 46300K, committed 46720K, reserved 1089536K
  class space    used 6301K, committed 6464K, reserved 1048576K
}
Event: 18961.989 GC heap before
{Heap before GC invocations=1873 (full 1843):
 garbage-first heap   total 110592K, used 31949K [0x0000000701400000, 0x0000000800000000)
  region size 2048K, 1 young (2048K), 0 survivors (0K)
 Metaspace       used 46300K, committed 46720K, reserved 1089536K
  class space    used 6301K, committed 6464K, reserved 1048576K
}
Event: 18962.047 GC heap after
{Heap after GC invocations=1874 (full 1844):
 garbage-first heap   total 110592K, used 31949K [0x0000000701400000, 0x0000000800000000)
  region size 2048K, 0 young (0K), 0 survivors (0K)
 Metaspace       used 46300K, committed 46720K, reserved 1089536K
  class space    used 6301K, committed 6464K, reserved 1048576K
}
Event: 18972.436 GC heap before
{Heap before GC invocations=1874 (full 1844):
 garbage-first heap   total 110592K, used 31949K [0x0000000701400000, 0x0000000800000000)
  region size 2048K, 1 young (2048K), 0 survivors (0K)
 Metaspace       used 46300K, committed 46720K, reserved 1089536K
  class space    used 6301K, committed 6464K, reserved 1048576K
}
Event: 18972.495 GC heap after
{Heap after GC invocations=1875 (full 1845):
 garbage-first heap   total 110592K, used 31949K [0x0000000701400000, 0x0000000800000000)
  region size 2048K, 0 young (0K), 0 survivors (0K)
 Metaspace       used 46300K, committed 46720K, reserved 1089536K
  class space    used 6301K, committed 6464K, reserved 1048576K
}
Event: 18982.691 GC heap before
{Heap before GC invocations=1875 (full 1845):
 garbage-first heap   total 110592K, used 31949K [0x0000000701400000, 0x0000000800000000)
  region size 2048K, 1 young (2048K), 0 survivors (0K)
 Metaspace       used 46300K, committed 46720K, reserved 1089536K
  class space    used 6301K, committed 6464K, reserved 1048576K
}
Event: 18982.720 GC heap after
{Heap after GC invocations=1876 (full 1846):
 garbage-first heap   total 110592K, used 31949K [0x0000000701400000, 0x0000000800000000)
  region size 2048K, 0 young (0K), 0 survivors (0K)
 Metaspace       used 46300K, committed 46720K, reserved 1089536K
  class space    used 6301K, committed 6464K, reserved 1048576K
}
Event: 18992.916 GC heap before
{Heap before GC invocations=1876 (full 1846):
 garbage-first heap   total 110592K, used 31949K [0x0000000701400000, 0x0000000800000000)
  region size 2048K, 1 young (2048K), 0 survivors (0K)
 Metaspace       used 46300K, committed 46720K, reserved 1089536K
  class space    used 6301K, committed 6464K, reserved 1048576K
}
Event: 18992.955 GC heap after
{Heap after GC invocations=1877 (full 1847):
 garbage-first heap   total 110592K, used 31949K [0x0000000701400000, 0x0000000800000000)
  region size 2048K, 0 young (0K), 0 survivors (0K)
 Metaspace       used 46300K, committed 46720K, reserved 1089536K
  class space    used 6301K, committed 6464K, reserved 1048576K
}
Event: 19003.171 GC heap before
{Heap before GC invocations=1877 (full 1847):
 garbage-first heap   total 110592K, used 31949K [0x0000000701400000, 0x0000000800000000)
  region size 2048K, 1 young (2048K), 0 survivors (0K)
 Metaspace       used 46300K, committed 46720K, reserved 1089536K
  class space    used 6301K, committed 6464K, reserved 1048576K
}
Event: 19003.213 GC heap after
{Heap after GC invocations=1878 (full 1848):
 garbage-first heap   total 110592K, used 31949K [0x0000000701400000, 0x0000000800000000)
  region size 2048K, 0 young (0K), 0 survivors (0K)
 Metaspace       used 46300K, committed 46720K, reserved 1089536K
  class space    used 6301K, committed 6464K, reserved 1048576K
}

