# JRE version: OpenJDK Runtime Environment Temurin-17.0.3+7 (17.0.3+7) (build 17.0.3+7)
# Java VM: OpenJDK 64-Bit Server VM Temurin-17.0.3+7 (17.0.3+7, mixed mode, emulated-client, tiered, compressed oops, compressed class ptrs, g1 gc, windows-amd64)
GC Precious Log:
 CPUs: 8 total, 8 available
 Memory: 16299M
 Large Page Support: Disabled
 NUMA Support: Disabled
 Compressed Oops: Enabled (Zero based)
 Heap Region Size: 2M
 Heap Min Capacity: 8M
 Heap Initial Capacity: 256M
 Heap Max Capacity: 4076M
 Pre-touch: Disabled
 Parallel Workers: 8
 Concurrent Workers: 2
 Concurrent Refinement Workers: 8
 Periodic GC: Disabled
Heap:
 garbage-first heap   total 122880K, used 33474K [0x0000000701400000, 0x0000000800000000)
  region size 2048K, 1 young (2048K), 0 survivors (0K)
 Metaspace       used 52087K, committed 52480K, reserved 1097728K
  class space    used 6837K, committed 7040K, reserved 1048576K
GC Heap History (20 events):
Event: 995.575 GC heap before
{Heap before GC invocations=117 (full 86):
 garbage-first heap   total 122880K, used 33473K [0x0000000701400000, 0x0000000800000000)
  region size 2048K, 1 young (2048K), 0 survivors (0K)
 Metaspace       used 52087K, committed 52480K, reserved 1097728K
  class space    used 6837K, committed 7040K, reserved 1048576K
}
Event: 995.636 GC heap after
{Heap after GC invocations=118 (full 87):
 garbage-first heap   total 122880K, used 33474K [0x0000000701400000, 0x0000000800000000)
  region size 2048K, 0 young (0K), 0 survivors (0K)
 Metaspace       used 52087K, committed 52480K, reserved 1097728K
  class space    used 6837K, committed 7040K, reserved 1048576K
}
Event: 1005.841 GC heap before
{Heap before GC invocations=118 (full 87):
 garbage-first heap   total 122880K, used 33474K [0x0000000701400000, 0x0000000800000000)
  region size 2048K, 1 young (2048K), 0 survivors (0K)
 Metaspace       used 52087K, committed 52480K, reserved 1097728K
  class space    used 6837K, committed 7040K, reserved 1048576K
}
Event: 1005.884 GC heap after
{Heap after GC invocations=119 (full 88):
 garbage-first heap   total 122880K, used 33474K [0x0000000701400000, 0x0000000800000000)
  region size 2048K, 0 young (0K), 0 survivors (0K)
 Metaspace       used 52087K, committed 52480K, reserved 1097728K
  class space    used 6837K, committed 7040K, reserved 1048576K
}
Event: 1016.148 GC heap before
{Heap before GC invocations=119 (full 88):
 garbage-first heap   total 122880K, used 33474K [0x0000000701400000, 0x0000000800000000)
  region size 2048K, 1 young (2048K), 0 survivors (0K)
 Metaspace       used 52087K, committed 52480K, reserved 1097728K
  class space    used 6837K, committed 7040K, reserved 1048576K
}
Event: 1016.194 GC heap after
{Heap after GC invocations=120 (full 89):
 garbage-first heap   total 122880K, used 33474K [0x0000000701400000, 0x0000000800000000)
  region size 2048K, 0 young (0K), 0 survivors (0K)
 Metaspace       used 52087K, committed 52480K, reserved 1097728K
  class space    used 6837K, committed 7040K, reserved 1048576K
}
Event: 1026.446 GC heap before
{Heap before GC invocations=120 (full 89):
 garbage-first heap   total 122880K, used 33474K [0x0000000701400000, 0x0000000800000000)
  region size 2048K, 1 young (2048K), 0 survivors (0K)
 Metaspace       used 52087K, committed 52480K, reserved 1097728K
  class space    used 6837K, committed 7040K, reserved 1048576K
}
Event: 1026.484 GC heap after
{Heap after GC invocations=121 (full 90):
 garbage-first heap   total 122880K, used 33474K [0x0000000701400000, 0x0000000800000000)
  region size 2048K, 0 young (0K), 0 survivors (0K)
 Metaspace       used 52087K, committed 52480K, reserved 1097728K
  class space    used 6837K, committed 7040K, reserved 1048576K
}
Event: 1036.758 GC heap before
{Heap before GC invocations=121 (full 90):
 garbage-first heap   total 122880K, used 33474K [0x0000000701400000, 0x0000000800000000)
  region size 2048K, 1 young (2048K), 0 survivors (0K)
 Metaspace       used 52087K, committed 52480K, reserved 1097728K
  class space    used 6837K, committed 7040K, reserved 1048576K
}
Event: 1036.805 GC heap after
{Heap after GC invocations=122 (full 91):
 garbage-first heap   total 122880K, used 33474K [0x0000000701400000, 0x0000000800000000)
  region size 2048K, 0 young (0K), 0 survivors (0K)
 Metaspace       used 52087K, committed 52480K, reserved 1097728K
  class space    used 6837K, committed 7040K, reserved 1048576K
}
Event: 1047.042 GC heap before
{Heap before GC invocations=122 (full 91):
 garbage-first heap   total 122880K, used 33474K [0x0000000701400000, 0x0000000800000000)
  region size 2048K, 1 young (2048K), 0 survivors (0K)
 Metaspace       used 52087K, committed 52480K, reserved 1097728K
  class space    used 6837K, committed 7040K, reserved 1048576K
}
Event: 1047.089 GC heap after
{Heap after GC invocations=123 (full 92):
 garbage-first heap   total 122880K, used 33474K [0x0000000701400000, 0x0000000800000000)
  region size 2048K, 0 young (0K), 0 survivors (0K)
 Metaspace       used 52087K, committed 52480K, reserved 1097728K
  class space    used 6837K, committed 7040K, reserved 1048576K
}
Event: 1057.313 GC heap before
{Heap before GC invocations=123 (full 92):
 garbage-first heap   total 122880K, used 33474K [0x0000000701400000, 0x0000000800000000)
  region size 2048K, 1 young (2048K), 0 survivors (0K)
 Metaspace       used 52087K, committed 52480K, reserved 1097728K
  class space    used 6837K, committed 7040K, reserved 1048576K
}
Event: 1057.357 GC heap after
{Heap after GC invocations=124 (full 93):
 garbage-first heap   total 122880K, used 33474K [0x0000000701400000, 0x0000000800000000)
  region size 2048K, 0 young (0K), 0 survivors (0K)
 Metaspace       used 52087K, committed 52480K, reserved 1097728K
  class space    used 6837K, committed 7040K, reserved 1048576K
}
Event: 1067.580 GC heap before
{Heap before GC invocations=124 (full 93):
 garbage-first heap   total 122880K, used 33474K [0x0000000701400000, 0x0000000800000000)
  region size 2048K, 1 young (2048K), 0 survivors (0K)
 Metaspace       used 52087K, committed 52480K, reserved 1097728K
  class space    used 6837K, committed 7040K, reserved 1048576K
}
Event: 1067.635 GC heap after
{Heap after GC invocations=125 (full 94):
 garbage-first heap   total 122880K, used 33474K [0x0000000701400000, 0x0000000800000000)
  region size 2048K, 0 young (0K), 0 survivors (0K)
 Metaspace       used 52087K, committed 52480K, reserved 1097728K
  class space    used 6837K, committed 7040K, reserved 1048576K
}
Event: 1077.847 GC heap before
{Heap before GC invocations=125 (full 94):
 garbage-first heap   total 122880K, used 33474K [0x0000000701400000, 0x0000000800000000)
  region size 2048K, 1 young (2048K), 0 survivors (0K)
 Metaspace       used 52087K, committed 52480K, reserved 1097728K
  class space    used 6837K, committed 7040K, reserved 1048576K
}
Event: 1077.885 GC heap after
{Heap after GC invocations=126 (full 95):
 garbage-first heap   total 122880K, used 33474K [0x0000000701400000, 0x0000000800000000)
  region size 2048K, 0 young (0K), 0 survivors (0K)
 Metaspace       used 52087K, committed 52480K, reserved 1097728K
  class space    used 6837K, committed 7040K, reserved 1048576K
}
Event: 1088.230 GC heap before
{Heap before GC invocations=126 (full 95):
 garbage-first heap   total 122880K, used 33474K [0x0000000701400000, 0x0000000800000000)
  region size 2048K, 1 young (2048K), 0 survivors (0K)
 Metaspace       used 52087K, committed 52480K, reserved 1097728K
  class space    used 6837K, committed 7040K, reserved 1048576K
}
Event: 1088.286 GC heap after
{Heap after GC invocations=127 (full 96):
 garbage-first heap   total 122880K, used 33474K [0x0000000701400000, 0x0000000800000000)
  region size 2048K, 0 young (0K), 0 survivors (0K)
 Metaspace       used 52087K, committed 52480K, reserved 1097728K
  class space    used 6837K, committed 7040K, reserved 1048576K
}

